<?xml version="1.0" encoding="UTF-8"?>
<!-- Generated by org.testng.reporters.JUnitReportReporter -->
<testsuite hostname="DESKTOP-COIB7RP" failures="0" tests="2" name="qaclickacademy.SeleniumTest" time="0.000" errors="0" timestamp="2021-01-02T00:56:23 PST" skipped="0">
  <testcase classname="qaclickacademy.SeleniumTest" name="BrowserAutomation" time="0.000"/>
  <system-out/>
  <testcase classname="qaclickacademy.SeleniumTest" name="elementsUi" time="0.000"/>
  <system-out/>
</testsuite> <!-- qaclickacademy.SeleniumTest -->
